[0m2021.03.28 12:56:42 INFO  Started: Metals version 0.10.0 in workspace 'C:\Users\anildwa\source\repos\aml-scenarios\pipelines' for client vscode 1.54.3.[0m
[0m2021.03.28 12:56:44 INFO  time: initialize in 1.73s[0m
[0m2021.03.28 12:56:45 WARN  Build server is not auto-connectable.[0m
[0m2021.03.28 12:56:45 WARN  no build tool detected in workspace 'C:\Users\anildwa\source\repos\aml-scenarios\pipelines'. The most common cause for this problem is that the editor was opened in the wrong working directory, for example if you use sbt then the workspace directory should contain build.sbt. [0m
Mar 28, 2021 1:33:12 PM org.eclipse.lsp4j.jsonrpc.services.GenericEndpoint notify
INFO: Unsupported notification method: $/setTraceNotification
[0m2021.03.28 17:12:07 INFO  shutting down Metals[0m
[0m2021.03.28 17:15:22 INFO  Started: Metals version 0.10.0 in workspace 'C:\Users\anildwa\source\repos\aml-scenarios\pipelines' for client vscode 1.54.3.[0m
[0m2021.03.28 17:15:24 INFO  time: initialize in 1.55s[0m
[0m2021.03.28 17:15:25 WARN  Build server is not auto-connectable.[0m
[0m2021.03.28 17:15:25 WARN  no build tool detected in workspace 'C:\Users\anildwa\source\repos\aml-scenarios\pipelines'. The most common cause for this problem is that the editor was opened in the wrong working directory, for example if you use sbt then the workspace directory should contain build.sbt. [0m
[0m2021.04.05 16:54:30 INFO  Started: Metals version 0.10.0 in workspace 'C:\Users\anildwa\source\repos\aml-scenarios\pipelines' for client vscode 1.54.3.[0m
[0m2021.04.05 16:54:32 INFO  time: initialize in 1.46s[0m
[0m2021.04.05 16:54:37 WARN  Build server is not auto-connectable.[0m
[0m2021.04.05 16:54:37 WARN  no build tool detected in workspace 'C:\Users\anildwa\source\repos\aml-scenarios\pipelines'. The most common cause for this problem is that the editor was opened in the wrong working directory, for example if you use sbt then the workspace directory should contain build.sbt. [0m
[0m2021.04.05 23:41:16 INFO  shutting down Metals[0m
[0m2021.04.06 14:39:58 INFO  Started: Metals version 0.10.0 in workspace 'C:\Users\anildwa\source\repos\aml-scenarios\pipelines' for client vscode 1.55.0.[0m
[0m2021.04.06 14:39:59 INFO  time: initialize in 1.09s[0m
[0m2021.04.06 14:40:01 WARN  Build server is not auto-connectable.[0m
[0m2021.04.06 14:40:01 WARN  no build tool detected in workspace 'C:\Users\anildwa\source\repos\aml-scenarios\pipelines'. The most common cause for this problem is that the editor was opened in the wrong working directory, for example if you use sbt then the workspace directory should contain build.sbt. [0m
[0m2021.04.08 09:06:02 INFO  shutting down Metals[0m
[0m2021.04.14 20:46:23 INFO  Started: Metals version 0.10.1 in workspace 'C:\Users\anildwa\source\repos\aml-scenarios\pipelines' for client vscode 1.55.2.[0m
[0m2021.04.14 20:46:24 INFO  time: initialize in 1.34s[0m
[0m2021.04.14 20:46:26 WARN  Build server is not auto-connectable.[0m
[0m2021.04.14 20:46:26 WARN  no build tool detected in workspace 'C:\Users\anildwa\source\repos\aml-scenarios\pipelines'. The most common cause for this problem is that the editor was opened in the wrong working directory, for example if you use sbt then the workspace directory should contain build.sbt. [0m
[0m2021.04.19 23:17:23 INFO  Started: Metals version 0.10.1 in workspace 'C:\Users\anildwa\source\repos\aml-scenarios\pipelines' for client vscode 1.55.2.[0m
[0m2021.04.19 23:17:24 INFO  time: initialize in 1.38s[0m
[0m2021.04.19 23:17:30 WARN  Build server is not auto-connectable.[0m
[0m2021.04.19 23:17:30 WARN  no build tool detected in workspace 'C:\Users\anildwa\source\repos\aml-scenarios\pipelines'. The most common cause for this problem is that the editor was opened in the wrong working directory, for example if you use sbt then the workspace directory should contain build.sbt. [0m
[0m2021.04.19 23:23:58 INFO  shutting down Metals[0m
[0m2021.04.20 00:34:52 INFO  Started: Metals version 0.10.1 in workspace 'C:\Users\anildwa\source\repos\aml-scenarios\pipelines' for client vscode 1.55.2.[0m
[0m2021.04.20 00:34:54 INFO  time: initialize in 1.29s[0m
[0m2021.04.20 00:34:55 WARN  Build server is not auto-connectable.[0m
[0m2021.04.20 00:34:55 WARN  no build tool detected in workspace 'C:\Users\anildwa\source\repos\aml-scenarios\pipelines'. The most common cause for this problem is that the editor was opened in the wrong working directory, for example if you use sbt then the workspace directory should contain build.sbt. [0m
[0m2021.04.20 22:20:24 INFO  shutting down Metals[0m
[0m2021.04.25 22:01:24 INFO  Started: Metals version 0.10.2 in workspace 'C:\Users\anildwa\source\repos\aml-scenarios\pipelines' for client vscode 1.55.2.[0m
[0m2021.04.25 22:01:25 INFO  time: initialize in 1.23s[0m
[0m2021.04.25 22:01:27 WARN  Build server is not auto-connectable.[0m
[0m2021.04.25 22:01:27 WARN  no build tool detected in workspace 'C:\Users\anildwa\source\repos\aml-scenarios\pipelines'. The most common cause for this problem is that the editor was opened in the wrong working directory, for example if you use sbt then the workspace directory should contain build.sbt. [0m
Apr 27, 2021 5:45:47 PM org.eclipse.lsp4j.jsonrpc.services.GenericEndpoint notify
INFO: Unsupported notification method: $/setTraceNotification
Apr 27, 2021 5:47:20 PM org.eclipse.lsp4j.jsonrpc.services.GenericEndpoint notify
INFO: Unsupported notification method: $/setTraceNotification
[0m2021.05.10 14:16:54 INFO  Started: Metals version 0.10.2 in workspace 'C:\Users\anildwa\source\repos\aml-scenarios\pipelines' for client vscode 1.55.2.[0m
[0m2021.05.10 14:16:56 INFO  time: initialize in 1.98s[0m
[0m2021.05.10 14:17:03 WARN  Build server is not auto-connectable.[0m
[0m2021.05.10 14:17:03 WARN  no build tool detected in workspace 'C:\Users\anildwa\source\repos\aml-scenarios\pipelines'. The most common cause for this problem is that the editor was opened in the wrong working directory, for example if you use sbt then the workspace directory should contain build.sbt. [0m
[0m2021.05.11 12:22:32 INFO  shutting down Metals[0m
[0m2021.05.17 09:10:41 INFO  Started: Metals version 0.10.2 in workspace 'C:\Users\anildwa\source\repos\aml-scenarios\pipelines' for client vscode 1.56.0.[0m
[0m2021.05.17 09:10:42 INFO  time: initialize in 1.33s[0m
[0m2021.05.17 09:10:45 WARN  Build server is not auto-connectable.[0m
[0m2021.05.17 09:10:45 WARN  no build tool detected in workspace 'C:\Users\anildwa\source\repos\aml-scenarios\pipelines'. The most common cause for this problem is that the editor was opened in the wrong working directory, for example if you use sbt then the workspace directory should contain build.sbt. [0m
May 18, 2021 8:52:39 PM org.eclipse.lsp4j.jsonrpc.services.GenericEndpoint notify
INFO: Unsupported notification method: $/setTraceNotification
[0m2021.05.19 08:21:12 INFO  shutting down Metals[0m
